<!-- 
RSS generated by JIRA (6.3.4#6332-sha1:51bc225ef474afe3128b2f66878477f322397b16) at Fri Dec 16 20:29:46 UTC 2016

It is possible to restrict the fields that are returned in this document by specifying the 'field' parameter in your request.
For example, to request only the issue key and summary add field=key&field=summary to the URL of your request.
For example:
https://issues.apache.org/jira/si/jira.issueviews:issue-xml/HBASE-12106/HBASE-12106.xml?field=key&amp;field=summary
-->
<rss version="0.92" >
<channel>
    <title>ASF JIRA</title>
    <link>https://issues.apache.org/jira</link>
    <description>This file is an XML representation of an issue</description>
    <language>en-uk</language>    <build-info>
        <version>6.3.4</version>
        <build-number>6332</build-number>
        <build-date>15-08-2014</build-date>
    </build-info>

<item>
            <title>[HBASE-12106] Move test annotations to test artifact</title>
                <link>https://issues.apache.org/jira/browse/HBASE-12106</link>
                <project id="12310753" key="HBASE">HBase</project>
                    <description>&lt;p&gt;Test annotation interfaces used to be under hbase-common/src/test then moved to hbase-annotations/src/main. We should move them to hbase-annotations/src/test. &lt;/p&gt;
</description>
                <environment></environment>
        <key id="12744404">HBASE-12106</key>
            <summary>Move test annotations to test artifact</summary>
                <type id="1" iconUrl="https://issues.apache.org/jira/images/icons/issuetypes/bug.png">Bug</type>
                                            <priority id="3" iconUrl="https://issues.apache.org/jira/images/icons/priorities/major.png">Major</priority>
                        <status id="6" iconUrl="https://issues.apache.org/jira/images/icons/statuses/closed.png" description="The issue is considered finished, the resolution is correct. Issues which are closed can be reopened.">Closed</status>
                    <statusCategory id="3" key="done" colorName="green"/>
                                    <resolution id="1">Fixed</resolution>
                                        <assignee username="enis">Enis Soztutar</assignee>
                                    <reporter username="enis">Enis Soztutar</reporter>
                        <labels>
                    </labels>
                <created>Fri, 26 Sep 2014 21:11:49 +0000</created>
                <updated>Sat, 21 Feb 2015 23:41:50 +0000</updated>
                            <resolved>Tue, 7 Oct 2014 07:42:21 +0000</resolved>
                                                    <fixVersion>2.0.0</fixVersion>
                    <fixVersion>0.98.7</fixVersion>
                    <fixVersion>0.99.1</fixVersion>
                                        <due></due>
                            <votes>0</votes>
                                    <watches>4</watches>
                                                                <comments>
                            <comment id="14149979" author="enis" created="Fri, 26 Sep 2014 21:13:06 +0000"  >&lt;p&gt;Simple patch. Pls review pom changes. &lt;/p&gt;</comment>
                            <comment id="14150009" author="hadoopqa" created="Fri, 26 Sep 2014 21:26:36 +0000"  >&lt;p&gt;&lt;font color=&quot;red&quot;&gt;-1 overall&lt;/font&gt;.  Here are the results of testing the latest attachment &lt;br/&gt;
  &lt;a href=&quot;http://issues.apache.org/jira/secure/attachment/12671545/hbase-12106_v1.patch&quot; class=&quot;external-link&quot; rel=&quot;nofollow&quot;&gt;http://issues.apache.org/jira/secure/attachment/12671545/hbase-12106_v1.patch&lt;/a&gt;&lt;br/&gt;
  against trunk revision .&lt;br/&gt;
  ATTACHMENT ID: 12671545&lt;/p&gt;

&lt;p&gt;    &lt;font color=&quot;green&quot;&gt;+1 @author&lt;/font&gt;.  The patch does not contain any @author tags.&lt;/p&gt;

&lt;p&gt;    &lt;font color=&quot;green&quot;&gt;+1 tests included&lt;/font&gt;.  The patch appears to include 76 new or modified tests.&lt;/p&gt;

&lt;p&gt;    &lt;font color=&quot;red&quot;&gt;-1 javac&lt;/font&gt;.  The patch appears to cause mvn compile goal to fail.&lt;/p&gt;

&lt;p&gt;    Compilation errors resume:&lt;br/&gt;
    &lt;span class=&quot;error&quot;&gt;&amp;#91;ERROR&amp;#93;&lt;/span&gt; COMPILATION ERROR : &lt;br/&gt;
&lt;span class=&quot;error&quot;&gt;&amp;#91;ERROR&amp;#93;&lt;/span&gt; /home/jenkins/jenkins-slave/workspace/PreCommit-HBASE-Build/hbase-examples/src/test/java/org/apache/hadoop/hbase/coprocessor/example/TestBulkDeleteProtocol.java:&lt;span class=&quot;error&quot;&gt;&amp;#91;34,49&amp;#93;&lt;/span&gt; error: package org.apache.hadoop.hbase.testclassification does not exist&lt;br/&gt;
&lt;span class=&quot;error&quot;&gt;&amp;#91;ERROR&amp;#93;&lt;/span&gt; /home/jenkins/jenkins-slave/workspace/PreCommit-HBASE-Build/hbase-examples/src/test/java/org/apache/hadoop/hbase/coprocessor/example/TestBulkDeleteProtocol.java:&lt;span class=&quot;error&quot;&gt;&amp;#91;35,49&amp;#93;&lt;/span&gt; error: package org.apache.hadoop.hbase.testclassification does not exist&lt;br/&gt;
&lt;span class=&quot;error&quot;&gt;&amp;#91;ERROR&amp;#93;&lt;/span&gt; /home/jenkins/jenkins-slave/workspace/PreCommit-HBASE-Build/hbase-examples/src/test/java/org/apache/hadoop/hbase/mapreduce/TestMapReduceExamples.java:&lt;span class=&quot;error&quot;&gt;&amp;#91;21,49&amp;#93;&lt;/span&gt; error: package org.apache.hadoop.hbase.testclassification does not exist&lt;br/&gt;
&lt;span class=&quot;error&quot;&gt;&amp;#91;ERROR&amp;#93;&lt;/span&gt; /home/jenkins/jenkins-slave/workspace/PreCommit-HBASE-Build/hbase-examples/src/test/java/org/apache/hadoop/hbase/mapreduce/TestMapReduceExamples.java:&lt;span class=&quot;error&quot;&gt;&amp;#91;22,49&amp;#93;&lt;/span&gt; error: package org.apache.hadoop.hbase.testclassification does not exist&lt;br/&gt;
&lt;span class=&quot;error&quot;&gt;&amp;#91;ERROR&amp;#93;&lt;/span&gt; /home/jenkins/jenkins-slave/workspace/PreCommit-HBASE-Build/hbase-examples/src/test/java/org/apache/hadoop/hbase/types/TestPBCell.java:&lt;span class=&quot;error&quot;&gt;&amp;#91;26,49&amp;#93;&lt;/span&gt; error: package org.apache.hadoop.hbase.testclassification does not exist&lt;br/&gt;
&lt;span class=&quot;error&quot;&gt;&amp;#91;ERROR&amp;#93;&lt;/span&gt; /home/jenkins/jenkins-slave/workspace/PreCommit-HBASE-Build/hbase-examples/src/test/java/org/apache/hadoop/hbase/types/TestPBCell.java:&lt;span class=&quot;error&quot;&gt;&amp;#91;27,49&amp;#93;&lt;/span&gt; error: package org.apache.hadoop.hbase.testclassification does not exist&lt;br/&gt;
&lt;span class=&quot;error&quot;&gt;&amp;#91;ERROR&amp;#93;&lt;/span&gt; /home/jenkins/jenkins-slave/workspace/PreCommit-HBASE-Build/hbase-examples/src/test/java/org/apache/hadoop/hbase/coprocessor/example/TestRowCountEndpoint.java:&lt;span class=&quot;error&quot;&gt;&amp;#91;31,49&amp;#93;&lt;/span&gt; error: package org.apache.hadoop.hbase.testclassification does not exist&lt;br/&gt;
&lt;span class=&quot;error&quot;&gt;&amp;#91;ERROR&amp;#93;&lt;/span&gt; /home/jenkins/jenkins-slave/workspace/PreCommit-HBASE-Build/hbase-examples/src/test/java/org/apache/hadoop/hbase/coprocessor/example/TestRowCountEndpoint.java:&lt;span class=&quot;error&quot;&gt;&amp;#91;32,49&amp;#93;&lt;/span&gt; error: package org.apache.hadoop.hbase.testclassification does not exist&lt;br/&gt;
&lt;span class=&quot;error&quot;&gt;&amp;#91;ERROR&amp;#93;&lt;/span&gt; /home/jenkins/jenkins-slave/workspace/PreCommit-HBASE-Build/hbase-examples/src/test/java/org/apache/hadoop/hbase/coprocessor/example/TestZooKeeperScanPolicyObserver.java:&lt;span class=&quot;error&quot;&gt;&amp;#91;36,49&amp;#93;&lt;/span&gt; error: package org.apache.hadoop.hbase.testclassification does not exist&lt;br/&gt;
&lt;span class=&quot;error&quot;&gt;&amp;#91;ERROR&amp;#93;&lt;/span&gt; /home/jenkins/jenkins-slave/workspace/PreCommit-HBASE-Build/hbase-examples/src/test/java/org/apache/hadoop/hbase/coprocessor/example/TestZooKeeperScanPolicyObserver.java:&lt;span class=&quot;error&quot;&gt;&amp;#91;37,49&amp;#93;&lt;/span&gt; error: package org.apache.hadoop.hbase.testclassification does not exist&lt;br/&gt;
&lt;span class=&quot;error&quot;&gt;&amp;#91;ERROR&amp;#93;&lt;/span&gt; /home/jenkins/jenkins-slave/workspace/PreCommit-HBASE-Build/hbase-examples/src/test/java/org/apache/hadoop/hbase/coprocessor/example/TestBulkDeleteProtocol.java:&lt;span class=&quot;error&quot;&gt;&amp;#91;59,11&amp;#93;&lt;/span&gt; error: cannot find symbol&lt;br/&gt;
&lt;span class=&quot;error&quot;&gt;&amp;#91;ERROR&amp;#93;&lt;/span&gt;   symbol: class CoprocessorTests&lt;br/&gt;
&lt;span class=&quot;error&quot;&gt;&amp;#91;ERROR&amp;#93;&lt;/span&gt;   symbol: class MediumTests&lt;br/&gt;
&lt;span class=&quot;error&quot;&gt;&amp;#91;ERROR&amp;#93;&lt;/span&gt;   symbol: class MapReduceTests&lt;br/&gt;
&lt;span class=&quot;error&quot;&gt;&amp;#91;ERROR&amp;#93;&lt;/span&gt;   symbol: class LargeTests&lt;br/&gt;
&lt;span class=&quot;error&quot;&gt;&amp;#91;ERROR&amp;#93;&lt;/span&gt;   symbol: class SmallTests&lt;br/&gt;
&lt;span class=&quot;error&quot;&gt;&amp;#91;ERROR&amp;#93;&lt;/span&gt;   symbol: class MiscTests&lt;br/&gt;
&lt;span class=&quot;error&quot;&gt;&amp;#91;ERROR&amp;#93;&lt;/span&gt;   symbol: class CoprocessorTests&lt;br/&gt;
&lt;span class=&quot;error&quot;&gt;&amp;#91;ERROR&amp;#93;&lt;/span&gt;   symbol: class MediumTests&lt;br/&gt;
&lt;span class=&quot;error&quot;&gt;&amp;#91;ERROR&amp;#93;&lt;/span&gt;   symbol: class CoprocessorTests&lt;br/&gt;
&lt;span class=&quot;error&quot;&gt;&amp;#91;ERROR&amp;#93;&lt;/span&gt; Failed to execute goal org.apache.maven.plugins:maven-compiler-plugin:2.5.1:testCompile (default-testCompile) on project hbase-examples: Compilation failure: Compilation failure:&lt;br/&gt;
&lt;span class=&quot;error&quot;&gt;&amp;#91;ERROR&amp;#93;&lt;/span&gt; /home/jenkins/jenkins-slave/workspace/PreCommit-HBASE-Build/hbase-examples/src/test/java/org/apache/hadoop/hbase/coprocessor/example/TestBulkDeleteProtocol.java:&lt;span class=&quot;error&quot;&gt;&amp;#91;34,49&amp;#93;&lt;/span&gt; error: package org.apache.hadoop.hbase.testclassification does not exist&lt;br/&gt;
&lt;span class=&quot;error&quot;&gt;&amp;#91;ERROR&amp;#93;&lt;/span&gt; /home/jenkins/jenkins-slave/workspace/PreCommit-HBASE-Build/hbase-examples/src/test/java/org/apache/hadoop/hbase/coprocessor/example/TestBulkDeleteProtocol.java:&lt;span class=&quot;error&quot;&gt;&amp;#91;35,49&amp;#93;&lt;/span&gt; error: package org.apache.hadoop.hbase.testclassification does not exist&lt;br/&gt;
&lt;span class=&quot;error&quot;&gt;&amp;#91;ERROR&amp;#93;&lt;/span&gt; /home/jenkins/jenkins-slave/workspace/PreCommit-HBASE-Build/hbase-examples/src/test/java/org/apache/hadoop/hbase/mapreduce/TestMapReduceExamples.java:&lt;span class=&quot;error&quot;&gt;&amp;#91;21,49&amp;#93;&lt;/span&gt; error: package org.apache.hadoop.hbase.testclassification does not exist&lt;br/&gt;
&lt;span class=&quot;error&quot;&gt;&amp;#91;ERROR&amp;#93;&lt;/span&gt; /home/jenkins/jenkins-slave/workspace/PreCommit-HBASE-Build/hbase-examples/src/test/java/org/apache/hadoop/hbase/mapreduce/TestMapReduceExamples.java:&lt;span class=&quot;error&quot;&gt;&amp;#91;22,49&amp;#93;&lt;/span&gt; error: package org.apache.hadoop.hbase.testclassification does not exist&lt;br/&gt;
&lt;span class=&quot;error&quot;&gt;&amp;#91;ERROR&amp;#93;&lt;/span&gt; /home/jenkins/jenkins-slave/workspace/PreCommit-HBASE-Build/hbase-examples/src/test/java/org/apache/hadoop/hbase/types/TestPBCell.java:&lt;span class=&quot;error&quot;&gt;&amp;#91;26,49&amp;#93;&lt;/span&gt; error: package org.apache.hadoop.hbase.testclassification does not exist&lt;br/&gt;
&lt;span class=&quot;error&quot;&gt;&amp;#91;ERROR&amp;#93;&lt;/span&gt; /home/jenkins/jenkins-slave/workspace/PreCommit-HBASE-Build/hbase-examples/src/test/java/org/apache/hadoop/hbase/types/TestPBCell.java:&lt;span class=&quot;error&quot;&gt;&amp;#91;27,49&amp;#93;&lt;/span&gt; error: package org.apache.hadoop.hbase.testclassification does not exist&lt;br/&gt;
&lt;span class=&quot;error&quot;&gt;&amp;#91;ERROR&amp;#93;&lt;/span&gt; /home/jenkins/jenkins-slave/workspace/PreCommit-HBASE-Build/hbase-examples/src/test/java/org/apache/hadoop/hbase/coprocessor/example/TestRowCountEndpoint.java:&lt;span class=&quot;error&quot;&gt;&amp;#91;31,49&amp;#93;&lt;/span&gt; error: package org.apache.hadoop.hbase.testclassification does not exist&lt;br/&gt;
&lt;span class=&quot;error&quot;&gt;&amp;#91;ERROR&amp;#93;&lt;/span&gt; /home/jenkins/jenkins-slave/workspace/PreCommit-HBASE-Build/hbase-examples/src/test/java/org/apache/hadoop/hbase/coprocessor/example/TestRowCountEndpoint.java:&lt;span class=&quot;error&quot;&gt;&amp;#91;32,49&amp;#93;&lt;/span&gt; error: package org.apache.hadoop.hbase.testclassification does not exist&lt;br/&gt;
&lt;span class=&quot;error&quot;&gt;&amp;#91;ERROR&amp;#93;&lt;/span&gt; /home/jenkins/jenkins-slave/workspace/PreCommit-HBASE-Build/hbase-examples/src/test/java/org/apache/hadoop/hbase/coprocessor/example/TestZooKeeperScanPolicyObserver.java:&lt;span class=&quot;error&quot;&gt;&amp;#91;36,49&amp;#93;&lt;/span&gt; error: package org.apache.hadoop.hbase.testclassification does not exist&lt;br/&gt;
&lt;span class=&quot;error&quot;&gt;&amp;#91;ERROR&amp;#93;&lt;/span&gt; /home/jenkins/jenkins-slave/workspace/PreCommit-HBASE-Build/hbase-examples/src/test/java/org/apache/hadoop/hbase/coprocessor/example/TestZooKeeperScanPolicyObserver.java:&lt;span class=&quot;error&quot;&gt;&amp;#91;37,49&amp;#93;&lt;/span&gt; error: package org.apache.hadoop.hbase.testclassification does not exist&lt;br/&gt;
&lt;span class=&quot;error&quot;&gt;&amp;#91;ERROR&amp;#93;&lt;/span&gt; /home/jenkins/jenkins-slave/workspace/PreCommit-HBASE-Build/hbase-examples/src/test/java/org/apache/hadoop/hbase/coprocessor/example/TestBulkDeleteProtocol.java:&lt;span class=&quot;error&quot;&gt;&amp;#91;59,11&amp;#93;&lt;/span&gt; error: cannot find symbol&lt;br/&gt;
&lt;span class=&quot;error&quot;&gt;&amp;#91;ERROR&amp;#93;&lt;/span&gt; symbol: class CoprocessorTests&lt;br/&gt;
&lt;span class=&quot;error&quot;&gt;&amp;#91;ERROR&amp;#93;&lt;/span&gt; /home/jenkins/jenkins-slave/workspace/PreCommit-HBASE-Build/hbase-examples/src/test/java/org/apache/hadoop/hbase/coprocessor/example/TestBulkDeleteProtocol.java:&lt;span class=&quot;error&quot;&gt;&amp;#91;59,35&amp;#93;&lt;/span&gt; error: cannot find symbol&lt;br/&gt;
&lt;span class=&quot;error&quot;&gt;&amp;#91;ERROR&amp;#93;&lt;/span&gt; symbol: class MediumTests&lt;br/&gt;
&lt;span class=&quot;error&quot;&gt;&amp;#91;ERROR&amp;#93;&lt;/span&gt; /home/jenkins/jenkins-slave/workspace/PreCommit-HBASE-Build/hbase-examples/src/test/java/org/apache/hadoop/hbase/mapreduce/TestMapReduceExamples.java:&lt;span class=&quot;error&quot;&gt;&amp;#91;47,11&amp;#93;&lt;/span&gt; error: cannot find symbol&lt;br/&gt;
&lt;span class=&quot;error&quot;&gt;&amp;#91;ERROR&amp;#93;&lt;/span&gt; symbol: class MapReduceTests&lt;br/&gt;
&lt;span class=&quot;error&quot;&gt;&amp;#91;ERROR&amp;#93;&lt;/span&gt; /home/jenkins/jenkins-slave/workspace/PreCommit-HBASE-Build/hbase-examples/src/test/java/org/apache/hadoop/hbase/mapreduce/TestMapReduceExamples.java:&lt;span class=&quot;error&quot;&gt;&amp;#91;47,33&amp;#93;&lt;/span&gt; error: cannot find symbol&lt;br/&gt;
&lt;span class=&quot;error&quot;&gt;&amp;#91;ERROR&amp;#93;&lt;/span&gt; symbol: class LargeTests&lt;br/&gt;
&lt;span class=&quot;error&quot;&gt;&amp;#91;ERROR&amp;#93;&lt;/span&gt; /home/jenkins/jenkins-slave/workspace/PreCommit-HBASE-Build/hbase-examples/src/test/java/org/apache/hadoop/hbase/types/TestPBCell.java:&lt;span class=&quot;error&quot;&gt;&amp;#91;36,11&amp;#93;&lt;/span&gt; error: cannot find symbol&lt;br/&gt;
&lt;span class=&quot;error&quot;&gt;&amp;#91;ERROR&amp;#93;&lt;/span&gt; symbol: class SmallTests&lt;br/&gt;
&lt;span class=&quot;error&quot;&gt;&amp;#91;ERROR&amp;#93;&lt;/span&gt; /home/jenkins/jenkins-slave/workspace/PreCommit-HBASE-Build/hbase-examples/src/test/java/org/apache/hadoop/hbase/types/TestPBCell.java:&lt;span class=&quot;error&quot;&gt;&amp;#91;36,29&amp;#93;&lt;/span&gt; error: cannot find symbol&lt;br/&gt;
&lt;span class=&quot;error&quot;&gt;&amp;#91;ERROR&amp;#93;&lt;/span&gt; symbol: class MiscTests&lt;br/&gt;
&lt;span class=&quot;error&quot;&gt;&amp;#91;ERROR&amp;#93;&lt;/span&gt; /home/jenkins/jenkins-slave/workspace/PreCommit-HBASE-Build/hbase-examples/src/test/java/org/apache/hadoop/hbase/coprocessor/example/TestRowCountEndpoint.java:&lt;span class=&quot;error&quot;&gt;&amp;#91;46,11&amp;#93;&lt;/span&gt; error: cannot find symbol&lt;br/&gt;
&lt;span class=&quot;error&quot;&gt;&amp;#91;ERROR&amp;#93;&lt;/span&gt; symbol: class CoprocessorTests&lt;br/&gt;
&lt;span class=&quot;error&quot;&gt;&amp;#91;ERROR&amp;#93;&lt;/span&gt; /home/jenkins/jenkins-slave/workspace/PreCommit-HBASE-Build/hbase-examples/src/test/java/org/apache/hadoop/hbase/coprocessor/example/TestRowCountEndpoint.java:&lt;span class=&quot;error&quot;&gt;&amp;#91;46,35&amp;#93;&lt;/span&gt; error: cannot find symbol&lt;br/&gt;
&lt;span class=&quot;error&quot;&gt;&amp;#91;ERROR&amp;#93;&lt;/span&gt; symbol: class MediumTests&lt;br/&gt;
&lt;span class=&quot;error&quot;&gt;&amp;#91;ERROR&amp;#93;&lt;/span&gt; /home/jenkins/jenkins-slave/workspace/PreCommit-HBASE-Build/hbase-examples/src/test/java/org/apache/hadoop/hbase/coprocessor/example/TestZooKeeperScanPolicyObserver.java:&lt;span class=&quot;error&quot;&gt;&amp;#91;45,11&amp;#93;&lt;/span&gt; error: cannot find symbol&lt;br/&gt;
&lt;span class=&quot;error&quot;&gt;&amp;#91;ERROR&amp;#93;&lt;/span&gt; symbol: class CoprocessorTests&lt;br/&gt;
&lt;span class=&quot;error&quot;&gt;&amp;#91;ERROR&amp;#93;&lt;/span&gt; /home/jenkins/jenkins-slave/workspace/PreCommit-HBASE-Build/hbase-examples/src/test/java/org/apache/hadoop/hbase/coprocessor/example/TestZooKeeperScanPolicyObserver.java:&lt;span class=&quot;error&quot;&gt;&amp;#91;45,35&amp;#93;&lt;/span&gt; error: cannot find symbol&lt;br/&gt;
&lt;span class=&quot;error&quot;&gt;&amp;#91;ERROR&amp;#93;&lt;/span&gt; -&amp;gt; &lt;span class=&quot;error&quot;&gt;&amp;#91;Help 1&amp;#93;&lt;/span&gt;&lt;br/&gt;
&lt;span class=&quot;error&quot;&gt;&amp;#91;ERROR&amp;#93;&lt;/span&gt; &lt;br/&gt;
&lt;span class=&quot;error&quot;&gt;&amp;#91;ERROR&amp;#93;&lt;/span&gt; To see the full stack trace of the errors, re-run Maven with the -e switch.&lt;br/&gt;
&lt;span class=&quot;error&quot;&gt;&amp;#91;ERROR&amp;#93;&lt;/span&gt; Re-run Maven using the -X switch to enable full debug logging.&lt;br/&gt;
&lt;span class=&quot;error&quot;&gt;&amp;#91;ERROR&amp;#93;&lt;/span&gt; &lt;br/&gt;
&lt;span class=&quot;error&quot;&gt;&amp;#91;ERROR&amp;#93;&lt;/span&gt; For more information about the errors and possible solutions, please read the following articles:&lt;br/&gt;
&lt;span class=&quot;error&quot;&gt;&amp;#91;ERROR&amp;#93;&lt;/span&gt; &lt;span class=&quot;error&quot;&gt;&amp;#91;Help 1&amp;#93;&lt;/span&gt; &lt;a href=&quot;http://cwiki.apache.org/confluence/display/MAVEN/MojoFailureException&quot; class=&quot;external-link&quot; rel=&quot;nofollow&quot;&gt;http://cwiki.apache.org/confluence/display/MAVEN/MojoFailureException&lt;/a&gt;&lt;br/&gt;
&lt;span class=&quot;error&quot;&gt;&amp;#91;ERROR&amp;#93;&lt;/span&gt; &lt;br/&gt;
&lt;span class=&quot;error&quot;&gt;&amp;#91;ERROR&amp;#93;&lt;/span&gt; After correcting the problems, you can resume the build with the command&lt;br/&gt;
&lt;span class=&quot;error&quot;&gt;&amp;#91;ERROR&amp;#93;&lt;/span&gt;   mvn &amp;lt;goals&amp;gt; -rf :hbase-examples&lt;/p&gt;


&lt;p&gt;Console output: &lt;a href=&quot;https://builds.apache.org/job/PreCommit-HBASE-Build/11100//console&quot; class=&quot;external-link&quot; rel=&quot;nofollow&quot;&gt;https://builds.apache.org/job/PreCommit-HBASE-Build/11100//console&lt;/a&gt;&lt;/p&gt;

&lt;p&gt;This message is automatically generated.&lt;/p&gt;</comment>
                            <comment id="14150028" author="enis" created="Fri, 26 Sep 2014 21:35:06 +0000"  >&lt;p&gt;Attaching patch for 0.98 and 0.99 as well. &lt;/p&gt;</comment>
                            <comment id="14150047" author="enis" created="Fri, 26 Sep 2014 21:46:27 +0000"  >&lt;p&gt;updated patch. &lt;/p&gt;</comment>
                            <comment id="14150048" author="hadoopqa" created="Fri, 26 Sep 2014 21:46:45 +0000"  >&lt;p&gt;&lt;font color=&quot;red&quot;&gt;-1 overall&lt;/font&gt;.  Here are the results of testing the latest attachment &lt;br/&gt;
  &lt;a href=&quot;http://issues.apache.org/jira/secure/attachment/12671557/hbase-12106_v1.patch&quot; class=&quot;external-link&quot; rel=&quot;nofollow&quot;&gt;http://issues.apache.org/jira/secure/attachment/12671557/hbase-12106_v1.patch&lt;/a&gt;&lt;br/&gt;
  against trunk revision .&lt;br/&gt;
  ATTACHMENT ID: 12671557&lt;/p&gt;

&lt;p&gt;    &lt;font color=&quot;green&quot;&gt;+1 @author&lt;/font&gt;.  The patch does not contain any @author tags.&lt;/p&gt;

&lt;p&gt;    &lt;font color=&quot;green&quot;&gt;+1 tests included&lt;/font&gt;.  The patch appears to include 76 new or modified tests.&lt;/p&gt;

&lt;p&gt;    &lt;font color=&quot;red&quot;&gt;-1 javac&lt;/font&gt;.  The patch appears to cause mvn compile goal to fail.&lt;/p&gt;

&lt;p&gt;    Compilation errors resume:&lt;br/&gt;
    &lt;span class=&quot;error&quot;&gt;&amp;#91;ERROR&amp;#93;&lt;/span&gt; COMPILATION ERROR : &lt;br/&gt;
&lt;span class=&quot;error&quot;&gt;&amp;#91;ERROR&amp;#93;&lt;/span&gt; /home/jenkins/jenkins-slave/workspace/PreCommit-HBASE-Build/hbase-examples/src/test/java/org/apache/hadoop/hbase/coprocessor/example/TestBulkDeleteProtocol.java:&lt;span class=&quot;error&quot;&gt;&amp;#91;34,49&amp;#93;&lt;/span&gt; error: package org.apache.hadoop.hbase.testclassification does not exist&lt;br/&gt;
&lt;span class=&quot;error&quot;&gt;&amp;#91;ERROR&amp;#93;&lt;/span&gt; /home/jenkins/jenkins-slave/workspace/PreCommit-HBASE-Build/hbase-examples/src/test/java/org/apache/hadoop/hbase/coprocessor/example/TestBulkDeleteProtocol.java:&lt;span class=&quot;error&quot;&gt;&amp;#91;35,49&amp;#93;&lt;/span&gt; error: package org.apache.hadoop.hbase.testclassification does not exist&lt;br/&gt;
&lt;span class=&quot;error&quot;&gt;&amp;#91;ERROR&amp;#93;&lt;/span&gt; /home/jenkins/jenkins-slave/workspace/PreCommit-HBASE-Build/hbase-examples/src/test/java/org/apache/hadoop/hbase/mapreduce/TestMapReduceExamples.java:&lt;span class=&quot;error&quot;&gt;&amp;#91;21,49&amp;#93;&lt;/span&gt; error: package org.apache.hadoop.hbase.testclassification does not exist&lt;br/&gt;
&lt;span class=&quot;error&quot;&gt;&amp;#91;ERROR&amp;#93;&lt;/span&gt; /home/jenkins/jenkins-slave/workspace/PreCommit-HBASE-Build/hbase-examples/src/test/java/org/apache/hadoop/hbase/mapreduce/TestMapReduceExamples.java:&lt;span class=&quot;error&quot;&gt;&amp;#91;22,49&amp;#93;&lt;/span&gt; error: package org.apache.hadoop.hbase.testclassification does not exist&lt;br/&gt;
&lt;span class=&quot;error&quot;&gt;&amp;#91;ERROR&amp;#93;&lt;/span&gt; /home/jenkins/jenkins-slave/workspace/PreCommit-HBASE-Build/hbase-examples/src/test/java/org/apache/hadoop/hbase/types/TestPBCell.java:&lt;span class=&quot;error&quot;&gt;&amp;#91;26,49&amp;#93;&lt;/span&gt; error: package org.apache.hadoop.hbase.testclassification does not exist&lt;br/&gt;
&lt;span class=&quot;error&quot;&gt;&amp;#91;ERROR&amp;#93;&lt;/span&gt; /home/jenkins/jenkins-slave/workspace/PreCommit-HBASE-Build/hbase-examples/src/test/java/org/apache/hadoop/hbase/types/TestPBCell.java:&lt;span class=&quot;error&quot;&gt;&amp;#91;27,49&amp;#93;&lt;/span&gt; error: package org.apache.hadoop.hbase.testclassification does not exist&lt;br/&gt;
&lt;span class=&quot;error&quot;&gt;&amp;#91;ERROR&amp;#93;&lt;/span&gt; /home/jenkins/jenkins-slave/workspace/PreCommit-HBASE-Build/hbase-examples/src/test/java/org/apache/hadoop/hbase/coprocessor/example/TestRowCountEndpoint.java:&lt;span class=&quot;error&quot;&gt;&amp;#91;31,49&amp;#93;&lt;/span&gt; error: package org.apache.hadoop.hbase.testclassification does not exist&lt;br/&gt;
&lt;span class=&quot;error&quot;&gt;&amp;#91;ERROR&amp;#93;&lt;/span&gt; /home/jenkins/jenkins-slave/workspace/PreCommit-HBASE-Build/hbase-examples/src/test/java/org/apache/hadoop/hbase/coprocessor/example/TestRowCountEndpoint.java:&lt;span class=&quot;error&quot;&gt;&amp;#91;32,49&amp;#93;&lt;/span&gt; error: package org.apache.hadoop.hbase.testclassification does not exist&lt;br/&gt;
&lt;span class=&quot;error&quot;&gt;&amp;#91;ERROR&amp;#93;&lt;/span&gt; /home/jenkins/jenkins-slave/workspace/PreCommit-HBASE-Build/hbase-examples/src/test/java/org/apache/hadoop/hbase/coprocessor/example/TestZooKeeperScanPolicyObserver.java:&lt;span class=&quot;error&quot;&gt;&amp;#91;36,49&amp;#93;&lt;/span&gt; error: package org.apache.hadoop.hbase.testclassification does not exist&lt;br/&gt;
&lt;span class=&quot;error&quot;&gt;&amp;#91;ERROR&amp;#93;&lt;/span&gt; /home/jenkins/jenkins-slave/workspace/PreCommit-HBASE-Build/hbase-examples/src/test/java/org/apache/hadoop/hbase/coprocessor/example/TestZooKeeperScanPolicyObserver.java:&lt;span class=&quot;error&quot;&gt;&amp;#91;37,49&amp;#93;&lt;/span&gt; error: package org.apache.hadoop.hbase.testclassification does not exist&lt;br/&gt;
&lt;span class=&quot;error&quot;&gt;&amp;#91;ERROR&amp;#93;&lt;/span&gt; /home/jenkins/jenkins-slave/workspace/PreCommit-HBASE-Build/hbase-examples/src/test/java/org/apache/hadoop/hbase/coprocessor/example/TestBulkDeleteProtocol.java:&lt;span class=&quot;error&quot;&gt;&amp;#91;59,11&amp;#93;&lt;/span&gt; error: cannot find symbol&lt;br/&gt;
&lt;span class=&quot;error&quot;&gt;&amp;#91;ERROR&amp;#93;&lt;/span&gt;   symbol: class CoprocessorTests&lt;br/&gt;
&lt;span class=&quot;error&quot;&gt;&amp;#91;ERROR&amp;#93;&lt;/span&gt;   symbol: class MediumTests&lt;br/&gt;
&lt;span class=&quot;error&quot;&gt;&amp;#91;ERROR&amp;#93;&lt;/span&gt;   symbol: class MapReduceTests&lt;br/&gt;
&lt;span class=&quot;error&quot;&gt;&amp;#91;ERROR&amp;#93;&lt;/span&gt;   symbol: class LargeTests&lt;br/&gt;
&lt;span class=&quot;error&quot;&gt;&amp;#91;ERROR&amp;#93;&lt;/span&gt;   symbol: class SmallTests&lt;br/&gt;
&lt;span class=&quot;error&quot;&gt;&amp;#91;ERROR&amp;#93;&lt;/span&gt;   symbol: class MiscTests&lt;br/&gt;
&lt;span class=&quot;error&quot;&gt;&amp;#91;ERROR&amp;#93;&lt;/span&gt;   symbol: class CoprocessorTests&lt;br/&gt;
&lt;span class=&quot;error&quot;&gt;&amp;#91;ERROR&amp;#93;&lt;/span&gt;   symbol: class MediumTests&lt;br/&gt;
&lt;span class=&quot;error&quot;&gt;&amp;#91;ERROR&amp;#93;&lt;/span&gt;   symbol: class CoprocessorTests&lt;br/&gt;
&lt;span class=&quot;error&quot;&gt;&amp;#91;ERROR&amp;#93;&lt;/span&gt; Failed to execute goal org.apache.maven.plugins:maven-compiler-plugin:2.5.1:testCompile (default-testCompile) on project hbase-examples: Compilation failure: Compilation failure:&lt;br/&gt;
&lt;span class=&quot;error&quot;&gt;&amp;#91;ERROR&amp;#93;&lt;/span&gt; /home/jenkins/jenkins-slave/workspace/PreCommit-HBASE-Build/hbase-examples/src/test/java/org/apache/hadoop/hbase/coprocessor/example/TestBulkDeleteProtocol.java:&lt;span class=&quot;error&quot;&gt;&amp;#91;34,49&amp;#93;&lt;/span&gt; error: package org.apache.hadoop.hbase.testclassification does not exist&lt;br/&gt;
&lt;span class=&quot;error&quot;&gt;&amp;#91;ERROR&amp;#93;&lt;/span&gt; /home/jenkins/jenkins-slave/workspace/PreCommit-HBASE-Build/hbase-examples/src/test/java/org/apache/hadoop/hbase/coprocessor/example/TestBulkDeleteProtocol.java:&lt;span class=&quot;error&quot;&gt;&amp;#91;35,49&amp;#93;&lt;/span&gt; error: package org.apache.hadoop.hbase.testclassification does not exist&lt;br/&gt;
&lt;span class=&quot;error&quot;&gt;&amp;#91;ERROR&amp;#93;&lt;/span&gt; /home/jenkins/jenkins-slave/workspace/PreCommit-HBASE-Build/hbase-examples/src/test/java/org/apache/hadoop/hbase/mapreduce/TestMapReduceExamples.java:&lt;span class=&quot;error&quot;&gt;&amp;#91;21,49&amp;#93;&lt;/span&gt; error: package org.apache.hadoop.hbase.testclassification does not exist&lt;br/&gt;
&lt;span class=&quot;error&quot;&gt;&amp;#91;ERROR&amp;#93;&lt;/span&gt; /home/jenkins/jenkins-slave/workspace/PreCommit-HBASE-Build/hbase-examples/src/test/java/org/apache/hadoop/hbase/mapreduce/TestMapReduceExamples.java:&lt;span class=&quot;error&quot;&gt;&amp;#91;22,49&amp;#93;&lt;/span&gt; error: package org.apache.hadoop.hbase.testclassification does not exist&lt;br/&gt;
&lt;span class=&quot;error&quot;&gt;&amp;#91;ERROR&amp;#93;&lt;/span&gt; /home/jenkins/jenkins-slave/workspace/PreCommit-HBASE-Build/hbase-examples/src/test/java/org/apache/hadoop/hbase/types/TestPBCell.java:&lt;span class=&quot;error&quot;&gt;&amp;#91;26,49&amp;#93;&lt;/span&gt; error: package org.apache.hadoop.hbase.testclassification does not exist&lt;br/&gt;
&lt;span class=&quot;error&quot;&gt;&amp;#91;ERROR&amp;#93;&lt;/span&gt; /home/jenkins/jenkins-slave/workspace/PreCommit-HBASE-Build/hbase-examples/src/test/java/org/apache/hadoop/hbase/types/TestPBCell.java:&lt;span class=&quot;error&quot;&gt;&amp;#91;27,49&amp;#93;&lt;/span&gt; error: package org.apache.hadoop.hbase.testclassification does not exist&lt;br/&gt;
&lt;span class=&quot;error&quot;&gt;&amp;#91;ERROR&amp;#93;&lt;/span&gt; /home/jenkins/jenkins-slave/workspace/PreCommit-HBASE-Build/hbase-examples/src/test/java/org/apache/hadoop/hbase/coprocessor/example/TestRowCountEndpoint.java:&lt;span class=&quot;error&quot;&gt;&amp;#91;31,49&amp;#93;&lt;/span&gt; error: package org.apache.hadoop.hbase.testclassification does not exist&lt;br/&gt;
&lt;span class=&quot;error&quot;&gt;&amp;#91;ERROR&amp;#93;&lt;/span&gt; /home/jenkins/jenkins-slave/workspace/PreCommit-HBASE-Build/hbase-examples/src/test/java/org/apache/hadoop/hbase/coprocessor/example/TestRowCountEndpoint.java:&lt;span class=&quot;error&quot;&gt;&amp;#91;32,49&amp;#93;&lt;/span&gt; error: package org.apache.hadoop.hbase.testclassification does not exist&lt;br/&gt;
&lt;span class=&quot;error&quot;&gt;&amp;#91;ERROR&amp;#93;&lt;/span&gt; /home/jenkins/jenkins-slave/workspace/PreCommit-HBASE-Build/hbase-examples/src/test/java/org/apache/hadoop/hbase/coprocessor/example/TestZooKeeperScanPolicyObserver.java:&lt;span class=&quot;error&quot;&gt;&amp;#91;36,49&amp;#93;&lt;/span&gt; error: package org.apache.hadoop.hbase.testclassification does not exist&lt;br/&gt;
&lt;span class=&quot;error&quot;&gt;&amp;#91;ERROR&amp;#93;&lt;/span&gt; /home/jenkins/jenkins-slave/workspace/PreCommit-HBASE-Build/hbase-examples/src/test/java/org/apache/hadoop/hbase/coprocessor/example/TestZooKeeperScanPolicyObserver.java:&lt;span class=&quot;error&quot;&gt;&amp;#91;37,49&amp;#93;&lt;/span&gt; error: package org.apache.hadoop.hbase.testclassification does not exist&lt;br/&gt;
&lt;span class=&quot;error&quot;&gt;&amp;#91;ERROR&amp;#93;&lt;/span&gt; /home/jenkins/jenkins-slave/workspace/PreCommit-HBASE-Build/hbase-examples/src/test/java/org/apache/hadoop/hbase/coprocessor/example/TestBulkDeleteProtocol.java:&lt;span class=&quot;error&quot;&gt;&amp;#91;59,11&amp;#93;&lt;/span&gt; error: cannot find symbol&lt;br/&gt;
&lt;span class=&quot;error&quot;&gt;&amp;#91;ERROR&amp;#93;&lt;/span&gt; symbol: class CoprocessorTests&lt;br/&gt;
&lt;span class=&quot;error&quot;&gt;&amp;#91;ERROR&amp;#93;&lt;/span&gt; /home/jenkins/jenkins-slave/workspace/PreCommit-HBASE-Build/hbase-examples/src/test/java/org/apache/hadoop/hbase/coprocessor/example/TestBulkDeleteProtocol.java:&lt;span class=&quot;error&quot;&gt;&amp;#91;59,35&amp;#93;&lt;/span&gt; error: cannot find symbol&lt;br/&gt;
&lt;span class=&quot;error&quot;&gt;&amp;#91;ERROR&amp;#93;&lt;/span&gt; symbol: class MediumTests&lt;br/&gt;
&lt;span class=&quot;error&quot;&gt;&amp;#91;ERROR&amp;#93;&lt;/span&gt; /home/jenkins/jenkins-slave/workspace/PreCommit-HBASE-Build/hbase-examples/src/test/java/org/apache/hadoop/hbase/mapreduce/TestMapReduceExamples.java:&lt;span class=&quot;error&quot;&gt;&amp;#91;47,11&amp;#93;&lt;/span&gt; error: cannot find symbol&lt;br/&gt;
&lt;span class=&quot;error&quot;&gt;&amp;#91;ERROR&amp;#93;&lt;/span&gt; symbol: class MapReduceTests&lt;br/&gt;
&lt;span class=&quot;error&quot;&gt;&amp;#91;ERROR&amp;#93;&lt;/span&gt; /home/jenkins/jenkins-slave/workspace/PreCommit-HBASE-Build/hbase-examples/src/test/java/org/apache/hadoop/hbase/mapreduce/TestMapReduceExamples.java:&lt;span class=&quot;error&quot;&gt;&amp;#91;47,33&amp;#93;&lt;/span&gt; error: cannot find symbol&lt;br/&gt;
&lt;span class=&quot;error&quot;&gt;&amp;#91;ERROR&amp;#93;&lt;/span&gt; symbol: class LargeTests&lt;br/&gt;
&lt;span class=&quot;error&quot;&gt;&amp;#91;ERROR&amp;#93;&lt;/span&gt; /home/jenkins/jenkins-slave/workspace/PreCommit-HBASE-Build/hbase-examples/src/test/java/org/apache/hadoop/hbase/types/TestPBCell.java:&lt;span class=&quot;error&quot;&gt;&amp;#91;36,11&amp;#93;&lt;/span&gt; error: cannot find symbol&lt;br/&gt;
&lt;span class=&quot;error&quot;&gt;&amp;#91;ERROR&amp;#93;&lt;/span&gt; symbol: class SmallTests&lt;br/&gt;
&lt;span class=&quot;error&quot;&gt;&amp;#91;ERROR&amp;#93;&lt;/span&gt; /home/jenkins/jenkins-slave/workspace/PreCommit-HBASE-Build/hbase-examples/src/test/java/org/apache/hadoop/hbase/types/TestPBCell.java:&lt;span class=&quot;error&quot;&gt;&amp;#91;36,29&amp;#93;&lt;/span&gt; error: cannot find symbol&lt;br/&gt;
&lt;span class=&quot;error&quot;&gt;&amp;#91;ERROR&amp;#93;&lt;/span&gt; symbol: class MiscTests&lt;br/&gt;
&lt;span class=&quot;error&quot;&gt;&amp;#91;ERROR&amp;#93;&lt;/span&gt; /home/jenkins/jenkins-slave/workspace/PreCommit-HBASE-Build/hbase-examples/src/test/java/org/apache/hadoop/hbase/coprocessor/example/TestRowCountEndpoint.java:&lt;span class=&quot;error&quot;&gt;&amp;#91;46,11&amp;#93;&lt;/span&gt; error: cannot find symbol&lt;br/&gt;
&lt;span class=&quot;error&quot;&gt;&amp;#91;ERROR&amp;#93;&lt;/span&gt; symbol: class CoprocessorTests&lt;br/&gt;
&lt;span class=&quot;error&quot;&gt;&amp;#91;ERROR&amp;#93;&lt;/span&gt; /home/jenkins/jenkins-slave/workspace/PreCommit-HBASE-Build/hbase-examples/src/test/java/org/apache/hadoop/hbase/coprocessor/example/TestRowCountEndpoint.java:&lt;span class=&quot;error&quot;&gt;&amp;#91;46,35&amp;#93;&lt;/span&gt; error: cannot find symbol&lt;br/&gt;
&lt;span class=&quot;error&quot;&gt;&amp;#91;ERROR&amp;#93;&lt;/span&gt; symbol: class MediumTests&lt;br/&gt;
&lt;span class=&quot;error&quot;&gt;&amp;#91;ERROR&amp;#93;&lt;/span&gt; /home/jenkins/jenkins-slave/workspace/PreCommit-HBASE-Build/hbase-examples/src/test/java/org/apache/hadoop/hbase/coprocessor/example/TestZooKeeperScanPolicyObserver.java:&lt;span class=&quot;error&quot;&gt;&amp;#91;45,11&amp;#93;&lt;/span&gt; error: cannot find symbol&lt;br/&gt;
&lt;span class=&quot;error&quot;&gt;&amp;#91;ERROR&amp;#93;&lt;/span&gt; symbol: class CoprocessorTests&lt;br/&gt;
&lt;span class=&quot;error&quot;&gt;&amp;#91;ERROR&amp;#93;&lt;/span&gt; /home/jenkins/jenkins-slave/workspace/PreCommit-HBASE-Build/hbase-examples/src/test/java/org/apache/hadoop/hbase/coprocessor/example/TestZooKeeperScanPolicyObserver.java:&lt;span class=&quot;error&quot;&gt;&amp;#91;45,35&amp;#93;&lt;/span&gt; error: cannot find symbol&lt;br/&gt;
&lt;span class=&quot;error&quot;&gt;&amp;#91;ERROR&amp;#93;&lt;/span&gt; -&amp;gt; &lt;span class=&quot;error&quot;&gt;&amp;#91;Help 1&amp;#93;&lt;/span&gt;&lt;br/&gt;
&lt;span class=&quot;error&quot;&gt;&amp;#91;ERROR&amp;#93;&lt;/span&gt; &lt;br/&gt;
&lt;span class=&quot;error&quot;&gt;&amp;#91;ERROR&amp;#93;&lt;/span&gt; To see the full stack trace of the errors, re-run Maven with the -e switch.&lt;br/&gt;
&lt;span class=&quot;error&quot;&gt;&amp;#91;ERROR&amp;#93;&lt;/span&gt; Re-run Maven using the -X switch to enable full debug logging.&lt;br/&gt;
&lt;span class=&quot;error&quot;&gt;&amp;#91;ERROR&amp;#93;&lt;/span&gt; &lt;br/&gt;
&lt;span class=&quot;error&quot;&gt;&amp;#91;ERROR&amp;#93;&lt;/span&gt; For more information about the errors and possible solutions, please read the following articles:&lt;br/&gt;
&lt;span class=&quot;error&quot;&gt;&amp;#91;ERROR&amp;#93;&lt;/span&gt; &lt;span class=&quot;error&quot;&gt;&amp;#91;Help 1&amp;#93;&lt;/span&gt; &lt;a href=&quot;http://cwiki.apache.org/confluence/display/MAVEN/MojoFailureException&quot; class=&quot;external-link&quot; rel=&quot;nofollow&quot;&gt;http://cwiki.apache.org/confluence/display/MAVEN/MojoFailureException&lt;/a&gt;&lt;br/&gt;
&lt;span class=&quot;error&quot;&gt;&amp;#91;ERROR&amp;#93;&lt;/span&gt; &lt;br/&gt;
&lt;span class=&quot;error&quot;&gt;&amp;#91;ERROR&amp;#93;&lt;/span&gt; After correcting the problems, you can resume the build with the command&lt;br/&gt;
&lt;span class=&quot;error&quot;&gt;&amp;#91;ERROR&amp;#93;&lt;/span&gt;   mvn &amp;lt;goals&amp;gt; -rf :hbase-examples&lt;/p&gt;


&lt;p&gt;Console output: &lt;a href=&quot;https://builds.apache.org/job/PreCommit-HBASE-Build/11101//console&quot; class=&quot;external-link&quot; rel=&quot;nofollow&quot;&gt;https://builds.apache.org/job/PreCommit-HBASE-Build/11101//console&lt;/a&gt;&lt;/p&gt;

&lt;p&gt;This message is automatically generated.&lt;/p&gt;</comment>
                            <comment id="14150208" author="hadoopqa" created="Fri, 26 Sep 2014 23:35:44 +0000"  >&lt;p&gt;&lt;font color=&quot;red&quot;&gt;-1 overall&lt;/font&gt;.  Here are the results of testing the latest attachment &lt;br/&gt;
  &lt;a href=&quot;http://issues.apache.org/jira/secure/attachment/12671563/hbase-12106_v2.patch&quot; class=&quot;external-link&quot; rel=&quot;nofollow&quot;&gt;http://issues.apache.org/jira/secure/attachment/12671563/hbase-12106_v2.patch&lt;/a&gt;&lt;br/&gt;
  against trunk revision .&lt;br/&gt;
  ATTACHMENT ID: 12671563&lt;/p&gt;

&lt;p&gt;    &lt;font color=&quot;green&quot;&gt;+1 @author&lt;/font&gt;.  The patch does not contain any @author tags.&lt;/p&gt;

&lt;p&gt;    &lt;font color=&quot;green&quot;&gt;+1 tests included&lt;/font&gt;.  The patch appears to include 76 new or modified tests.&lt;/p&gt;

&lt;p&gt;    &lt;font color=&quot;green&quot;&gt;+1 javac&lt;/font&gt;.  The applied patch does not increase the total number of javac compiler warnings.&lt;/p&gt;

&lt;p&gt;    &lt;font color=&quot;green&quot;&gt;+1 javac&lt;/font&gt;.  The applied patch does not increase the total number of javac compiler warnings.&lt;/p&gt;

&lt;p&gt;    &lt;font color=&quot;green&quot;&gt;+1 javadoc&lt;/font&gt;.  The javadoc tool did not generate any warning messages.&lt;/p&gt;

&lt;p&gt;    &lt;font color=&quot;green&quot;&gt;+1 findbugs&lt;/font&gt;.  The patch does not introduce any new Findbugs (version 2.0.3) warnings.&lt;/p&gt;

&lt;p&gt;    &lt;font color=&quot;green&quot;&gt;+1 release audit&lt;/font&gt;.  The applied patch does not increase the total number of release audit warnings.&lt;/p&gt;

&lt;p&gt;    &lt;font color=&quot;green&quot;&gt;+1 lineLengths&lt;/font&gt;.  The patch does not introduce lines longer than 100&lt;/p&gt;

&lt;p&gt;  &lt;font color=&quot;green&quot;&gt;+1 site&lt;/font&gt;.  The mvn site goal succeeds with this patch.&lt;/p&gt;

&lt;p&gt;     &lt;font color=&quot;red&quot;&gt;-1 core tests&lt;/font&gt;.  The patch failed these unit tests:&lt;br/&gt;
                       org.apache.hadoop.hbase.client.TestMultiParallel&lt;/p&gt;

&lt;p&gt;     &lt;font color=&quot;red&quot;&gt;-1 core zombie tests&lt;/font&gt;.  There are 3 zombie test(s): 	at org.apache.hadoop.hbase.mapreduce.TestLoadIncrementalHFiles.testSimpleLoad(TestLoadIncrementalHFiles.java:98)&lt;br/&gt;
	at org.apache.hadoop.hbase.mapreduce.TestLoadIncrementalHFilesSplitRecovery.testSplitWhileBulkLoadPhase(TestLoadIncrementalHFilesSplitRecovery.java:337)&lt;br/&gt;
	at org.apache.hadoop.hdfs.server.namenode.snapshot.TestSnapshotBlocksMap.testReadRenamedSnapshotFileWithCheckpoint(TestSnapshotBlocksMap.java:273)&lt;/p&gt;

&lt;p&gt;Test results: &lt;a href=&quot;https://builds.apache.org/job/PreCommit-HBASE-Build/11102//testReport/&quot; class=&quot;external-link&quot; rel=&quot;nofollow&quot;&gt;https://builds.apache.org/job/PreCommit-HBASE-Build/11102//testReport/&lt;/a&gt;&lt;br/&gt;
Findbugs warnings: &lt;a href=&quot;https://builds.apache.org/job/PreCommit-HBASE-Build/11102//artifact/patchprocess/newPatchFindbugsWarningshbase-examples.html&quot; class=&quot;external-link&quot; rel=&quot;nofollow&quot;&gt;https://builds.apache.org/job/PreCommit-HBASE-Build/11102//artifact/patchprocess/newPatchFindbugsWarningshbase-examples.html&lt;/a&gt;&lt;br/&gt;
Findbugs warnings: &lt;a href=&quot;https://builds.apache.org/job/PreCommit-HBASE-Build/11102//artifact/patchprocess/newPatchFindbugsWarningshbase-prefix-tree.html&quot; class=&quot;external-link&quot; rel=&quot;nofollow&quot;&gt;https://builds.apache.org/job/PreCommit-HBASE-Build/11102//artifact/patchprocess/newPatchFindbugsWarningshbase-prefix-tree.html&lt;/a&gt;&lt;br/&gt;
Findbugs warnings: &lt;a href=&quot;https://builds.apache.org/job/PreCommit-HBASE-Build/11102//artifact/patchprocess/newPatchFindbugsWarningshbase-server.html&quot; class=&quot;external-link&quot; rel=&quot;nofollow&quot;&gt;https://builds.apache.org/job/PreCommit-HBASE-Build/11102//artifact/patchprocess/newPatchFindbugsWarningshbase-server.html&lt;/a&gt;&lt;br/&gt;
Findbugs warnings: &lt;a href=&quot;https://builds.apache.org/job/PreCommit-HBASE-Build/11102//artifact/patchprocess/newPatchFindbugsWarningshbase-hadoop-compat.html&quot; class=&quot;external-link&quot; rel=&quot;nofollow&quot;&gt;https://builds.apache.org/job/PreCommit-HBASE-Build/11102//artifact/patchprocess/newPatchFindbugsWarningshbase-hadoop-compat.html&lt;/a&gt;&lt;br/&gt;
Findbugs warnings: &lt;a href=&quot;https://builds.apache.org/job/PreCommit-HBASE-Build/11102//artifact/patchprocess/newPatchFindbugsWarningshbase-client.html&quot; class=&quot;external-link&quot; rel=&quot;nofollow&quot;&gt;https://builds.apache.org/job/PreCommit-HBASE-Build/11102//artifact/patchprocess/newPatchFindbugsWarningshbase-client.html&lt;/a&gt;&lt;br/&gt;
Findbugs warnings: &lt;a href=&quot;https://builds.apache.org/job/PreCommit-HBASE-Build/11102//artifact/patchprocess/newPatchFindbugsWarningshbase-protocol.html&quot; class=&quot;external-link&quot; rel=&quot;nofollow&quot;&gt;https://builds.apache.org/job/PreCommit-HBASE-Build/11102//artifact/patchprocess/newPatchFindbugsWarningshbase-protocol.html&lt;/a&gt;&lt;br/&gt;
Findbugs warnings: &lt;a href=&quot;https://builds.apache.org/job/PreCommit-HBASE-Build/11102//artifact/patchprocess/newPatchFindbugsWarningshbase-hadoop2-compat.html&quot; class=&quot;external-link&quot; rel=&quot;nofollow&quot;&gt;https://builds.apache.org/job/PreCommit-HBASE-Build/11102//artifact/patchprocess/newPatchFindbugsWarningshbase-hadoop2-compat.html&lt;/a&gt;&lt;br/&gt;
Findbugs warnings: &lt;a href=&quot;https://builds.apache.org/job/PreCommit-HBASE-Build/11102//artifact/patchprocess/newPatchFindbugsWarningshbase-thrift.html&quot; class=&quot;external-link&quot; rel=&quot;nofollow&quot;&gt;https://builds.apache.org/job/PreCommit-HBASE-Build/11102//artifact/patchprocess/newPatchFindbugsWarningshbase-thrift.html&lt;/a&gt;&lt;br/&gt;
Findbugs warnings: &lt;a href=&quot;https://builds.apache.org/job/PreCommit-HBASE-Build/11102//artifact/patchprocess/newPatchFindbugsWarningshbase-annotations.html&quot; class=&quot;external-link&quot; rel=&quot;nofollow&quot;&gt;https://builds.apache.org/job/PreCommit-HBASE-Build/11102//artifact/patchprocess/newPatchFindbugsWarningshbase-annotations.html&lt;/a&gt;&lt;br/&gt;
Findbugs warnings: &lt;a href=&quot;https://builds.apache.org/job/PreCommit-HBASE-Build/11102//artifact/patchprocess/newPatchFindbugsWarningshbase-common.html&quot; class=&quot;external-link&quot; rel=&quot;nofollow&quot;&gt;https://builds.apache.org/job/PreCommit-HBASE-Build/11102//artifact/patchprocess/newPatchFindbugsWarningshbase-common.html&lt;/a&gt;&lt;br/&gt;
Console output: &lt;a href=&quot;https://builds.apache.org/job/PreCommit-HBASE-Build/11102//console&quot; class=&quot;external-link&quot; rel=&quot;nofollow&quot;&gt;https://builds.apache.org/job/PreCommit-HBASE-Build/11102//console&lt;/a&gt;&lt;/p&gt;

&lt;p&gt;This message is automatically generated.&lt;/p&gt;</comment>
                            <comment id="14157360" author="enis" created="Thu, 2 Oct 2014 23:00:01 +0000"  >&lt;p&gt;Can I get a review? Fairly trivial patch. &lt;/p&gt;</comment>
                            <comment id="14160452" author="apurtell" created="Mon, 6 Oct 2014 16:25:37 +0000"  >&lt;p&gt;+1, will commit shortly.&lt;/p&gt;</comment>
                            <comment id="14161533" author="apurtell" created="Tue, 7 Oct 2014 06:22:34 +0000"  >&lt;p&gt;Pushed to 0.98+&lt;/p&gt;</comment>
                            <comment id="14161592" author="apurtell" created="Tue, 7 Oct 2014 07:34:16 +0000"  >&lt;p&gt;I&apos;m going to need to commit an addendum momentarily to get &apos;mvn test&apos; passing with this change&lt;/p&gt;</comment>
                            <comment id="14161598" author="apurtell" created="Tue, 7 Oct 2014 07:40:13 +0000"  >&lt;p&gt;Attached addendum I pushed to 0.98+. We need to add hbase-annotations as a test-jar dep to hbase-testing-util or &apos;mvn test&apos; will fail at that module. This is from a 0.98 build:&lt;/p&gt;
&lt;div class=&quot;preformatted panel&quot; style=&quot;border-width: 1px;&quot;&gt;&lt;div class=&quot;preformattedContent panelContent&quot;&gt;
&lt;pre&gt;[ERROR] Failed to execute goal org.apache.maven.plugins:maven-surefire-plugin:2.12-TRUNK-HBASE-2:test (secondPartTestsExecution) on project hbase-testing-util: Execution secondPartTestsExecution of goal org.apache.maven.plugins:maven-surefire-plugin:2.12-TRUNK-HBASE-2:test failed: java.lang.reflect.InvocationTargetException; nested exception is java.lang.reflect.InvocationTargetException: null: Unable to load category: org.apache.hadoop.hbase.MediumTests -&amp;gt; [Help 1]
&lt;/pre&gt;
&lt;/div&gt;&lt;/div&gt;</comment>
                            <comment id="14161617" author="hudson" created="Tue, 7 Oct 2014 08:07:55 +0000"  >&lt;p&gt;FAILURE: Integrated in HBase-0.98 #580 (See &lt;a href=&quot;https://builds.apache.org/job/HBase-0.98/580/&quot; class=&quot;external-link&quot; rel=&quot;nofollow&quot;&gt;https://builds.apache.org/job/HBase-0.98/580/&lt;/a&gt;)&lt;br/&gt;
&lt;a href=&quot;https://issues.apache.org/jira/browse/HBASE-12106&quot; title=&quot;Move test annotations to test artifact&quot; class=&quot;issue-link&quot; data-issue-key=&quot;HBASE-12106&quot;&gt;&lt;del&gt;HBASE-12106&lt;/del&gt;&lt;/a&gt; Move test annotations to test artifact (Enis Soztutar) (apurtell: rev 9efe354798d75f6b68c9e5e9cdef5fdff66b6e7c)&lt;/p&gt;
&lt;ul&gt;
	&lt;li&gt;hbase-thrift/pom.xml&lt;/li&gt;
	&lt;li&gt;hbase-annotations/src/main/java/org/apache/hadoop/hbase/MediumTests.java&lt;/li&gt;
	&lt;li&gt;hbase-annotations/src/main/java/org/apache/hadoop/hbase/IntegrationTests.java&lt;/li&gt;
	&lt;li&gt;hbase-annotations/src/main/java/org/apache/hadoop/hbase/LargeTests.java&lt;/li&gt;
	&lt;li&gt;hbase-annotations/src/test/java/org/apache/hadoop/hbase/LargeTests.java&lt;/li&gt;
	&lt;li&gt;hbase-annotations/src/main/java/org/apache/hadoop/hbase/SmallTests.java&lt;/li&gt;
	&lt;li&gt;pom.xml&lt;/li&gt;
	&lt;li&gt;hbase-annotations/src/test/java/org/apache/hadoop/hbase/SmallTests.java&lt;/li&gt;
	&lt;li&gt;hbase-client/pom.xml&lt;/li&gt;
	&lt;li&gt;hbase-server/pom.xml&lt;/li&gt;
	&lt;li&gt;hbase-prefix-tree/pom.xml&lt;/li&gt;
	&lt;li&gt;hbase-annotations/src/test/java/org/apache/hadoop/hbase/IntegrationTests.java&lt;/li&gt;
	&lt;li&gt;hbase-examples/pom.xml&lt;/li&gt;
	&lt;li&gt;hbase-annotations/src/test/java/org/apache/hadoop/hbase/MediumTests.java&lt;/li&gt;
	&lt;li&gt;hbase-shell/pom.xml&lt;/li&gt;
	&lt;li&gt;hbase-it/pom.xml&lt;/li&gt;
	&lt;li&gt;hbase-common/pom.xml&lt;/li&gt;
&lt;/ul&gt;
</comment>
                            <comment id="14161639" author="hudson" created="Tue, 7 Oct 2014 08:22:58 +0000"  >&lt;p&gt;SUCCESS: Integrated in HBase-TRUNK #5628 (See &lt;a href=&quot;https://builds.apache.org/job/HBase-TRUNK/5628/&quot; class=&quot;external-link&quot; rel=&quot;nofollow&quot;&gt;https://builds.apache.org/job/HBase-TRUNK/5628/&lt;/a&gt;)&lt;br/&gt;
&lt;a href=&quot;https://issues.apache.org/jira/browse/HBASE-12106&quot; title=&quot;Move test annotations to test artifact&quot; class=&quot;issue-link&quot; data-issue-key=&quot;HBASE-12106&quot;&gt;&lt;del&gt;HBASE-12106&lt;/del&gt;&lt;/a&gt; Move test annotations to test artifact (Enis Soztutar) (apurtell: rev 3557a3235210b178d9c6cd3355c68d0a7155243e)&lt;/p&gt;
&lt;ul&gt;
	&lt;li&gt;hbase-annotations/src/test/java/org/apache/hadoop/hbase/testclassification/VerySlowMapReduceTests.java&lt;/li&gt;
	&lt;li&gt;hbase-annotations/src/test/java/org/apache/hadoop/hbase/testclassification/IntegrationTests.java&lt;/li&gt;
	&lt;li&gt;hbase-annotations/src/test/java/org/apache/hadoop/hbase/testclassification/IOTests.java&lt;/li&gt;
	&lt;li&gt;hbase-annotations/src/main/java/org/apache/hadoop/hbase/testclassification/CoprocessorTests.java&lt;/li&gt;
	&lt;li&gt;hbase-annotations/src/main/java/org/apache/hadoop/hbase/testclassification/MapReduceTests.java&lt;/li&gt;
	&lt;li&gt;hbase-annotations/src/test/java/org/apache/hadoop/hbase/testclassification/MediumTests.java&lt;/li&gt;
	&lt;li&gt;hbase-annotations/src/test/java/org/apache/hadoop/hbase/testclassification/CoprocessorTests.java&lt;/li&gt;
	&lt;li&gt;hbase-annotations/src/main/java/org/apache/hadoop/hbase/testclassification/FlakeyTests.java&lt;/li&gt;
	&lt;li&gt;hbase-server/pom.xml&lt;/li&gt;
	&lt;li&gt;hbase-annotations/src/test/java/org/apache/hadoop/hbase/testclassification/VerySlowRegionServerTests.java&lt;/li&gt;
	&lt;li&gt;hbase-annotations/src/main/java/org/apache/hadoop/hbase/testclassification/RestTests.java&lt;/li&gt;
	&lt;li&gt;pom.xml&lt;/li&gt;
	&lt;li&gt;hbase-annotations/src/main/java/org/apache/hadoop/hbase/testclassification/VerySlowRegionServerTests.java&lt;/li&gt;
	&lt;li&gt;hbase-annotations/src/test/java/org/apache/hadoop/hbase/testclassification/FilterTests.java&lt;/li&gt;
	&lt;li&gt;hbase-annotations/src/main/java/org/apache/hadoop/hbase/testclassification/MiscTests.java&lt;/li&gt;
	&lt;li&gt;hbase-annotations/src/test/java/org/apache/hadoop/hbase/testclassification/FlakeyTests.java&lt;/li&gt;
	&lt;li&gt;hbase-annotations/src/test/java/org/apache/hadoop/hbase/testclassification/MiscTests.java&lt;/li&gt;
	&lt;li&gt;hbase-annotations/src/main/java/org/apache/hadoop/hbase/testclassification/RPCTests.java&lt;/li&gt;
	&lt;li&gt;hbase-annotations/src/main/java/org/apache/hadoop/hbase/testclassification/RegionServerTests.java&lt;/li&gt;
	&lt;li&gt;hbase-annotations/src/test/java/org/apache/hadoop/hbase/testclassification/LargeTests.java&lt;/li&gt;
	&lt;li&gt;hbase-annotations/src/test/java/org/apache/hadoop/hbase/testclassification/RestTests.java&lt;/li&gt;
	&lt;li&gt;hbase-annotations/src/test/java/org/apache/hadoop/hbase/testclassification/RegionServerTests.java&lt;/li&gt;
	&lt;li&gt;hbase-annotations/src/test/java/org/apache/hadoop/hbase/testclassification/ClientTests.java&lt;/li&gt;
	&lt;li&gt;hbase-prefix-tree/pom.xml&lt;/li&gt;
	&lt;li&gt;hbase-annotations/src/test/java/org/apache/hadoop/hbase/testclassification/MapReduceTests.java&lt;/li&gt;
	&lt;li&gt;hbase-annotations/src/main/java/org/apache/hadoop/hbase/testclassification/ClientTests.java&lt;/li&gt;
	&lt;li&gt;hbase-common/pom.xml&lt;/li&gt;
	&lt;li&gt;hbase-client/pom.xml&lt;/li&gt;
	&lt;li&gt;hbase-annotations/src/main/java/org/apache/hadoop/hbase/testclassification/IntegrationTests.java&lt;/li&gt;
	&lt;li&gt;hbase-annotations/src/main/java/org/apache/hadoop/hbase/testclassification/FilterTests.java&lt;/li&gt;
	&lt;li&gt;hbase-annotations/src/test/java/org/apache/hadoop/hbase/testclassification/SmallTests.java&lt;/li&gt;
	&lt;li&gt;hbase-annotations/src/main/java/org/apache/hadoop/hbase/testclassification/MasterTests.java&lt;/li&gt;
	&lt;li&gt;hbase-it/pom.xml&lt;/li&gt;
	&lt;li&gt;hbase-annotations/src/test/java/org/apache/hadoop/hbase/testclassification/RPCTests.java&lt;/li&gt;
	&lt;li&gt;hbase-annotations/src/main/java/org/apache/hadoop/hbase/testclassification/SmallTests.java&lt;/li&gt;
	&lt;li&gt;hbase-thrift/pom.xml&lt;/li&gt;
	&lt;li&gt;hbase-annotations/src/test/java/org/apache/hadoop/hbase/testclassification/ReplicationTests.java&lt;/li&gt;
	&lt;li&gt;hbase-annotations/src/main/java/org/apache/hadoop/hbase/testclassification/VerySlowMapReduceTests.java&lt;/li&gt;
	&lt;li&gt;hbase-annotations/src/test/java/org/apache/hadoop/hbase/testclassification/SecurityTests.java&lt;/li&gt;
	&lt;li&gt;hbase-annotations/src/test/java/org/apache/hadoop/hbase/testclassification/MasterTests.java&lt;/li&gt;
	&lt;li&gt;hbase-shell/pom.xml&lt;/li&gt;
	&lt;li&gt;hbase-annotations/src/main/java/org/apache/hadoop/hbase/testclassification/ReplicationTests.java&lt;/li&gt;
	&lt;li&gt;hbase-annotations/src/main/java/org/apache/hadoop/hbase/testclassification/MediumTests.java&lt;/li&gt;
	&lt;li&gt;hbase-annotations/src/main/java/org/apache/hadoop/hbase/testclassification/SecurityTests.java&lt;/li&gt;
	&lt;li&gt;hbase-annotations/src/main/java/org/apache/hadoop/hbase/testclassification/IOTests.java&lt;/li&gt;
	&lt;li&gt;hbase-examples/pom.xml&lt;/li&gt;
	&lt;li&gt;hbase-annotations/src/main/java/org/apache/hadoop/hbase/testclassification/LargeTests.java&lt;/li&gt;
&lt;/ul&gt;
</comment>
                            <comment id="14161690" author="hudson" created="Tue, 7 Oct 2014 09:37:13 +0000"  >&lt;p&gt;SUCCESS: Integrated in HBase-TRUNK #5629 (See &lt;a href=&quot;https://builds.apache.org/job/HBase-TRUNK/5629/&quot; class=&quot;external-link&quot; rel=&quot;nofollow&quot;&gt;https://builds.apache.org/job/HBase-TRUNK/5629/&lt;/a&gt;)&lt;br/&gt;
Amend &lt;a href=&quot;https://issues.apache.org/jira/browse/HBASE-12106&quot; title=&quot;Move test annotations to test artifact&quot; class=&quot;issue-link&quot; data-issue-key=&quot;HBASE-12106&quot;&gt;&lt;del&gt;HBASE-12106&lt;/del&gt;&lt;/a&gt; Move test annotations to test artifact (Enis Soztutar) (apurtell: rev da440d586eb1e1f0fff8e0f427fd3ff729fd8f51)&lt;/p&gt;
&lt;ul&gt;
	&lt;li&gt;hbase-testing-util/pom.xml&lt;/li&gt;
&lt;/ul&gt;
</comment>
                            <comment id="14161705" author="hudson" created="Tue, 7 Oct 2014 09:49:22 +0000"  >&lt;p&gt;FAILURE: Integrated in HBase-0.98 #581 (See &lt;a href=&quot;https://builds.apache.org/job/HBase-0.98/581/&quot; class=&quot;external-link&quot; rel=&quot;nofollow&quot;&gt;https://builds.apache.org/job/HBase-0.98/581/&lt;/a&gt;)&lt;br/&gt;
Amend &lt;a href=&quot;https://issues.apache.org/jira/browse/HBASE-12106&quot; title=&quot;Move test annotations to test artifact&quot; class=&quot;issue-link&quot; data-issue-key=&quot;HBASE-12106&quot;&gt;&lt;del&gt;HBASE-12106&lt;/del&gt;&lt;/a&gt; Move test annotations to test artifact (Enis Soztutar) (apurtell: rev f3860bc376cf0a80ef3abb07b8bed1d529d354cc)&lt;/p&gt;
&lt;ul&gt;
	&lt;li&gt;hbase-testing-util/pom.xml&lt;/li&gt;
&lt;/ul&gt;
</comment>
                            <comment id="14161715" author="hudson" created="Tue, 7 Oct 2014 10:02:59 +0000"  >&lt;p&gt;SUCCESS: Integrated in HBase-1.0 #281 (See &lt;a href=&quot;https://builds.apache.org/job/HBase-1.0/281/&quot; class=&quot;external-link&quot; rel=&quot;nofollow&quot;&gt;https://builds.apache.org/job/HBase-1.0/281/&lt;/a&gt;)&lt;br/&gt;
&lt;a href=&quot;https://issues.apache.org/jira/browse/HBASE-12106&quot; title=&quot;Move test annotations to test artifact&quot; class=&quot;issue-link&quot; data-issue-key=&quot;HBASE-12106&quot;&gt;&lt;del&gt;HBASE-12106&lt;/del&gt;&lt;/a&gt; Move test annotations to test artifact (Enis Soztutar) (apurtell: rev 695261c4a9704f043fb006caa24a8eada1656ae1)&lt;/p&gt;
&lt;ul&gt;
	&lt;li&gt;pom.xml&lt;/li&gt;
	&lt;li&gt;hbase-annotations/src/test/java/org/apache/hadoop/hbase/LargeTests.java&lt;/li&gt;
	&lt;li&gt;hbase-server/pom.xml&lt;/li&gt;
	&lt;li&gt;hbase-annotations/src/main/java/org/apache/hadoop/hbase/IntegrationTests.java&lt;/li&gt;
	&lt;li&gt;hbase-it/pom.xml&lt;/li&gt;
	&lt;li&gt;hbase-thrift/pom.xml&lt;/li&gt;
	&lt;li&gt;hbase-annotations/src/test/java/org/apache/hadoop/hbase/MediumTests.java&lt;/li&gt;
	&lt;li&gt;hbase-common/pom.xml&lt;/li&gt;
	&lt;li&gt;hbase-client/pom.xml&lt;/li&gt;
	&lt;li&gt;hbase-examples/pom.xml&lt;/li&gt;
	&lt;li&gt;hbase-annotations/src/main/java/org/apache/hadoop/hbase/LargeTests.java&lt;/li&gt;
	&lt;li&gt;hbase-prefix-tree/pom.xml&lt;/li&gt;
	&lt;li&gt;hbase-annotations/src/main/java/org/apache/hadoop/hbase/SmallTests.java&lt;/li&gt;
	&lt;li&gt;hbase-annotations/src/test/java/org/apache/hadoop/hbase/SmallTests.java&lt;/li&gt;
	&lt;li&gt;hbase-annotations/src/test/java/org/apache/hadoop/hbase/IntegrationTests.java&lt;/li&gt;
	&lt;li&gt;hbase-annotations/src/main/java/org/apache/hadoop/hbase/MediumTests.java&lt;/li&gt;
	&lt;li&gt;hbase-shell/pom.xml&lt;br/&gt;
Amend &lt;a href=&quot;https://issues.apache.org/jira/browse/HBASE-12106&quot; title=&quot;Move test annotations to test artifact&quot; class=&quot;issue-link&quot; data-issue-key=&quot;HBASE-12106&quot;&gt;&lt;del&gt;HBASE-12106&lt;/del&gt;&lt;/a&gt; Move test annotations to test artifact (Enis Soztutar) (apurtell: rev e323a484d95f59fa9e7c522e209eee69e9abc8a8)&lt;/li&gt;
	&lt;li&gt;hbase-testing-util/pom.xml&lt;/li&gt;
&lt;/ul&gt;
</comment>
                            <comment id="14161734" author="hudson" created="Tue, 7 Oct 2014 10:28:46 +0000"  >&lt;p&gt;FAILURE: Integrated in HBase-0.98-on-Hadoop-1.1 #551 (See &lt;a href=&quot;https://builds.apache.org/job/HBase-0.98-on-Hadoop-1.1/551/&quot; class=&quot;external-link&quot; rel=&quot;nofollow&quot;&gt;https://builds.apache.org/job/HBase-0.98-on-Hadoop-1.1/551/&lt;/a&gt;)&lt;br/&gt;
&lt;a href=&quot;https://issues.apache.org/jira/browse/HBASE-12106&quot; title=&quot;Move test annotations to test artifact&quot; class=&quot;issue-link&quot; data-issue-key=&quot;HBASE-12106&quot;&gt;&lt;del&gt;HBASE-12106&lt;/del&gt;&lt;/a&gt; Move test annotations to test artifact (Enis Soztutar) (apurtell: rev 9efe354798d75f6b68c9e5e9cdef5fdff66b6e7c)&lt;/p&gt;
&lt;ul&gt;
	&lt;li&gt;hbase-thrift/pom.xml&lt;/li&gt;
	&lt;li&gt;hbase-annotations/src/main/java/org/apache/hadoop/hbase/LargeTests.java&lt;/li&gt;
	&lt;li&gt;hbase-annotations/src/test/java/org/apache/hadoop/hbase/MediumTests.java&lt;/li&gt;
	&lt;li&gt;hbase-annotations/src/main/java/org/apache/hadoop/hbase/MediumTests.java&lt;/li&gt;
	&lt;li&gt;hbase-annotations/src/main/java/org/apache/hadoop/hbase/SmallTests.java&lt;/li&gt;
	&lt;li&gt;hbase-examples/pom.xml&lt;/li&gt;
	&lt;li&gt;hbase-annotations/src/test/java/org/apache/hadoop/hbase/IntegrationTests.java&lt;/li&gt;
	&lt;li&gt;hbase-annotations/src/main/java/org/apache/hadoop/hbase/IntegrationTests.java&lt;/li&gt;
	&lt;li&gt;hbase-shell/pom.xml&lt;/li&gt;
	&lt;li&gt;hbase-server/pom.xml&lt;/li&gt;
	&lt;li&gt;hbase-it/pom.xml&lt;/li&gt;
	&lt;li&gt;hbase-annotations/src/test/java/org/apache/hadoop/hbase/SmallTests.java&lt;/li&gt;
	&lt;li&gt;hbase-common/pom.xml&lt;/li&gt;
	&lt;li&gt;hbase-annotations/src/test/java/org/apache/hadoop/hbase/LargeTests.java&lt;/li&gt;
	&lt;li&gt;pom.xml&lt;/li&gt;
	&lt;li&gt;hbase-prefix-tree/pom.xml&lt;/li&gt;
	&lt;li&gt;hbase-client/pom.xml&lt;br/&gt;
Amend &lt;a href=&quot;https://issues.apache.org/jira/browse/HBASE-12106&quot; title=&quot;Move test annotations to test artifact&quot; class=&quot;issue-link&quot; data-issue-key=&quot;HBASE-12106&quot;&gt;&lt;del&gt;HBASE-12106&lt;/del&gt;&lt;/a&gt; Move test annotations to test artifact (Enis Soztutar) (apurtell: rev f3860bc376cf0a80ef3abb07b8bed1d529d354cc)&lt;/li&gt;
	&lt;li&gt;hbase-testing-util/pom.xml&lt;/li&gt;
&lt;/ul&gt;
</comment>
                            <comment id="14331555" author="enis" created="Sat, 21 Feb 2015 23:41:50 +0000"  >&lt;p&gt;Closing this issue after 0.99.1 release.&lt;/p&gt;</comment>
                    </comments>
                <issuelinks>
                            <issuelinktype id="10032">
                    <name>Blocker</name>
                                            <outwardlinks description="blocks">
                                        <issuelink>
            <issuekey id="12693031">HBASE-10462</issuekey>
        </issuelink>
                            </outwardlinks>
                                                        </issuelinktype>
                    </issuelinks>
                <attachments>
                            <attachment id="12673307" name="HBASE-12106-addendum.patch" size="1036" author="apurtell" created="Tue, 7 Oct 2014 07:40:13 +0000"/>
                            <attachment id="12671556" name="hbase-12106_v1-0.98+0.99.patch" size="18805" author="enis" created="Fri, 26 Sep 2014 21:35:06 +0000"/>
                            <attachment id="12671557" name="hbase-12106_v1.patch" size="88084" author="enis" created="Fri, 26 Sep 2014 21:35:06 +0000"/>
                            <attachment id="12671545" name="hbase-12106_v1.patch" size="88084" author="enis" created="Fri, 26 Sep 2014 21:13:06 +0000"/>
                            <attachment id="12671563" name="hbase-12106_v2.patch" size="88589" author="enis" created="Fri, 26 Sep 2014 21:46:27 +0000"/>
                    </attachments>
                <subtasks>
                    </subtasks>
                <customfields>
                                                <customfield id="customfield_12310310" key="com.atlassian.jira.toolkit:attachments">
                        <customfieldname>Attachment count</customfieldname>
                        <customfieldvalues>
                            <customfieldvalue>5.0</customfieldvalue>
                        </customfieldvalues>
                    </customfield>
                                                                                                                                                                                                                                                                                                                                                                                                                                                                                                                                <customfield id="customfield_12310220" key="com.atlassian.jira.ext.charting:firstresponsedate">
                        <customfieldname>Date of First Response</customfieldname>
                        <customfieldvalues>
                            <customfieldvalue>Fri, 26 Sep 2014 21:26:36 +0000</customfieldvalue>

                        </customfieldvalues>
                    </customfield>
                                                                                                                                                                                                                                                                                                                                                                                                                                            <customfield id="customfield_12310420" key="com.pyxis.greenhopper.jira:gh-global-rank">
                        <customfieldname>Global Rank</customfieldname>
                        <customfieldvalues>
                            <customfieldvalue>9223372036854775807</customfieldvalue>
                        </customfieldvalues>
                    </customfield>
                                                                <customfield id="customfield_12310191" key="com.atlassian.jira.plugin.system.customfieldtypes:multicheckboxes">
                        <customfieldname>Hadoop Flags</customfieldname>
                        <customfieldvalues>
                                <customfieldvalue key="10343"><![CDATA[Reviewed]]></customfieldvalue>
    
                        </customfieldvalues>
                    </customfield>
                                                                                                                        <customfield id="customfield_12312521" key="com.atlassian.jira.toolkit:LastCommentDate">
                        <customfieldname>Last public comment date</customfieldname>
                        <customfieldvalues>
                            1 year, 42 weeks, 5 days ago
                        </customfieldvalues>
                    </customfield>
                                                                                            <customfield id="customfield_12311820" key="com.pyxis.greenhopper.jira:gh-lexo-rank">
                        <customfieldname>Rank</customfieldname>
                        <customfieldvalues>
                            <customfieldvalue>0|i20jj3:</customfieldvalue>

                        </customfieldvalues>
                    </customfield>
                                                                <customfield id="customfield_12310920" key="com.pyxis.greenhopper.jira:gh-global-rank">
                        <customfieldname>Rank (Obsolete)</customfieldname>
                        <customfieldvalues>
                            <customfieldvalue>9223372036854775807</customfieldvalue>
                        </customfieldvalues>
                    </customfield>
                                                                                                                                                                                                                                                                                                <customfield id="customfield_12310222" key="com.atlassian.jira.ext.charting:timeinstatus">
                        <customfieldname>Time in Status</customfieldname>
                        <customfieldvalues>
                            
                        </customfieldvalues>
                    </customfield>
                                                                                                                        </customfields>
    </item>
</channel>
</rss>